app/build/intermediates/manifest_merge_blame_file/debug/processDebugMainManifest/manifest-merger-blame-debug-report.txt
1<?xml version="1.0" encoding="utf-8"?>
2<manifest xmlns:android="http://schemas.android.com/apk/res/android"
3    package="com.looperr.app"
4    android:versionCode="1"
5    android:versionName="1.0" >
6
7    <uses-sdk
8        android:minSdkVersion="26"
9        android:targetSdkVersion="34" />
10
11    <uses-permission android:name="android.permission.INTERNET" />
11-->src/main/AndroidManifest.xml:4:5-67
11-->src/main/AndroidManifest.xml:4:22-64
12    <uses-permission android:name="android.permission.FOREGROUND_SERVICE" />
12-->src/main/AndroidManifest.xml:5:5-77
12-->src/main/AndroidManifest.xml:5:22-74
13    <uses-permission android:name="android.permission.FOREGROUND_SERVICE_MEDIA_PLAYBACK" />
13-->src/main/AndroidManifest.xml:6:5-92
13-->src/main/AndroidManifest.xml:6:22-89
14    <uses-permission android:name="android.permission.POST_NOTIFICATIONS" />
14-->src/main/AndroidManifest.xml:7:5-77
14-->src/main/AndroidManifest.xml:7:22-74
15
16    <permission
16-->[androidx.core:core:1.12.0] AndroidManifest.xml:22:5-24:47
17        android:name="com.looperr.app.DYNAMIC_RECEIVER_NOT_EXPORTED_PERMISSION"
17-->[androidx.core:core:1.12.0] AndroidManifest.xml:23:9-81
18        android:protectionLevel="signature" />
18-->[androidx.core:core:1.12.0] AndroidManifest.xml:24:9-44
19
20    <uses-permission android:name="com.looperr.app.DYNAMIC_RECEIVER_NOT_EXPORTED_PERMISSION" />
20-->[androidx.core:core:1.12.0] AndroidManifest.xml:26:5-97
20-->[androidx.core:core:1.12.0] AndroidManifest.xml:26:22-94
21
22    <application
22-->src/main/AndroidManifest.xml:9:5-57:19
23        android:name="com.looperr.app.LooperrApp"
23-->src/main/AndroidManifest.xml:10:9-35
24        android:allowBackup="true"
24-->src/main/AndroidManifest.xml:11:9-35
25        android:appComponentFactory="androidx.core.app.CoreComponentFactory"
25-->[androidx.core:core:1.12.0] AndroidManifest.xml:28:18-86
26        android:debuggable="true"
27        android:extractNativeLibs="false"
28        android:icon="@mipmap/ic_launcher"
28-->src/main/AndroidManifest.xml:12:9-43
29        android:label="@string/app_name"
29-->src/main/AndroidManifest.xml:13:9-41
30        android:roundIcon="@mipmap/ic_launcher_round"
30-->src/main/AndroidManifest.xml:14:9-54
31        android:supportsRtl="true"
31-->src/main/AndroidManifest.xml:15:9-35
32        android:testOnly="true"
33        android:theme="@style/Theme.Looperr" >
33-->src/main/AndroidManifest.xml:16:9-45
34
35        <!-- Main Activity -->
36        <activity
36-->src/main/AndroidManifest.xml:19:9-34:20
37            android:name="com.looperr.app.ui.MainActivity"
37-->src/main/AndroidManifest.xml:20:13-44
38            android:exported="true"
38-->src/main/AndroidManifest.xml:21:13-36
39            android:launchMode="singleTask" >
39-->src/main/AndroidManifest.xml:22:13-44
40            <intent-filter>
40-->src/main/AndroidManifest.xml:23:13-26:29
41                <action android:name="android.intent.action.MAIN" />
41-->src/main/AndroidManifest.xml:24:17-69
41-->src/main/AndroidManifest.xml:24:25-66
42
43                <category android:name="android.intent.category.LAUNCHER" />
43-->src/main/AndroidManifest.xml:25:17-77
43-->src/main/AndroidManifest.xml:25:27-74
44            </intent-filter>
45
46            <!-- Receive shared Spotify links -->
47            <intent-filter>
47-->src/main/AndroidManifest.xml:29:13-33:29
48                <action android:name="android.intent.action.SEND" />
48-->src/main/AndroidManifest.xml:30:17-69
48-->src/main/AndroidManifest.xml:30:25-66
49
50                <category android:name="android.intent.category.DEFAULT" />
50-->src/main/AndroidManifest.xml:31:17-76
50-->src/main/AndroidManifest.xml:31:27-73
51
52                <data android:mimeType="text/plain" />
52-->src/main/AndroidManifest.xml:32:17-55
52-->src/main/AndroidManifest.xml:32:23-52
53            </intent-filter>
54        </activity>
55
56        <!-- OAuth Callback Activity -->
57        <activity
57-->src/main/AndroidManifest.xml:37:9-49:20
58            android:name="com.looperr.app.auth.AuthCallbackActivity"
58-->src/main/AndroidManifest.xml:38:13-54
59            android:exported="true"
59-->src/main/AndroidManifest.xml:39:13-36
60            android:launchMode="singleTask" >
60-->src/main/AndroidManifest.xml:40:13-44
61            <intent-filter>
61-->src/main/AndroidManifest.xml:41:13-48:29
62                <action android:name="android.intent.action.VIEW" />
62-->src/main/AndroidManifest.xml:42:17-69
62-->src/main/AndroidManifest.xml:42:25-66
63
64                <category android:name="android.intent.category.DEFAULT" />
64-->src/main/AndroidManifest.xml:31:17-76
64-->src/main/AndroidManifest.xml:31:27-73
65                <category android:name="android.intent.category.BROWSABLE" />
65-->src/main/AndroidManifest.xml:44:17-78
65-->src/main/AndroidManifest.xml:44:27-75
66
67                <data
67-->src/main/AndroidManifest.xml:32:17-55
68                    android:host="callback"
68-->src/main/AndroidManifest.xml:46:21-44
69                    android:scheme="looperr" />
69-->src/main/AndroidManifest.xml:47:21-45
70            </intent-filter>
71        </activity>
72
73        <!-- Loop Service -->
74        <service
74-->src/main/AndroidManifest.xml:52:9-55:61
75            android:name="com.looperr.app.player.LoopService"
75-->src/main/AndroidManifest.xml:53:13-47
76            android:exported="false"
76-->src/main/AndroidManifest.xml:54:13-37
77            android:foregroundServiceType="mediaPlayback" />
77-->src/main/AndroidManifest.xml:55:13-58
78
79        <provider
79-->[androidx.emoji2:emoji2:1.2.0] AndroidManifest.xml:24:9-32:20
80            android:name="androidx.startup.InitializationProvider"
80-->[androidx.emoji2:emoji2:1.2.0] AndroidManifest.xml:25:13-67
81            android:authorities="com.looperr.app.androidx-startup"
81-->[androidx.emoji2:emoji2:1.2.0] AndroidManifest.xml:26:13-68
82            android:exported="false" >
82-->[androidx.emoji2:emoji2:1.2.0] AndroidManifest.xml:27:13-37
83            <meta-data
83-->[androidx.emoji2:emoji2:1.2.0] AndroidManifest.xml:29:13-31:52
84                android:name="androidx.emoji2.text.EmojiCompatInitializer"
84-->[androidx.emoji2:emoji2:1.2.0] AndroidManifest.xml:30:17-75
85                android:value="androidx.startup" />
85-->[androidx.emoji2:emoji2:1.2.0] AndroidManifest.xml:31:17-49
86            <meta-data
86-->[androidx.lifecycle:lifecycle-process:2.7.0] AndroidManifest.xml:29:13-31:52
87                android:name="androidx.lifecycle.ProcessLifecycleInitializer"
87-->[androidx.lifecycle:lifecycle-process:2.7.0] AndroidManifest.xml:30:17-78
88                android:value="androidx.startup" />
88-->[androidx.lifecycle:lifecycle-process:2.7.0] AndroidManifest.xml:31:17-49
89            <meta-data
89-->[androidx.profileinstaller:profileinstaller:1.3.1] AndroidManifest.xml:29:13-31:52
90                android:name="androidx.profileinstaller.ProfileInstallerInitializer"
90-->[androidx.profileinstaller:profileinstaller:1.3.1] AndroidManifest.xml:30:17-85
91                android:value="androidx.startup" />
91-->[androidx.profileinstaller:profileinstaller:1.3.1] AndroidManifest.xml:31:17-49
92        </provider>
93
94        <receiver
94-->[androidx.profileinstaller:profileinstaller:1.3.1] AndroidManifest.xml:34:9-52:20
95            android:name="androidx.profileinstaller.ProfileInstallReceiver"
95-->[androidx.profileinstaller:profileinstaller:1.3.1] AndroidManifest.xml:35:13-76
96            android:directBootAware="false"
96-->[androidx.profileinstaller:profileinstaller:1.3.1] AndroidManifest.xml:36:13-44
97            android:enabled="true"
97-->[androidx.profileinstaller:profileinstaller:1.3.1] AndroidManifest.xml:37:13-35
98            android:exported="true"
98-->[androidx.profileinstaller:profileinstaller:1.3.1] AndroidManifest.xml:38:13-36
99            android:permission="android.permission.DUMP" >
99-->[androidx.profileinstaller:profileinstaller:1.3.1] AndroidManifest.xml:39:13-57
100            <intent-filter>
100-->[androidx.profileinstaller:profileinstaller:1.3.1] AndroidManifest.xml:40:13-42:29
101                <action android:name="androidx.profileinstaller.action.INSTALL_PROFILE" />
101-->[androidx.profileinstaller:profileinstaller:1.3.1] AndroidManifest.xml:41:17-91
101-->[androidx.profileinstaller:profileinstaller:1.3.1] AndroidManifest.xml:41:25-88
102            </intent-filter>
103            <intent-filter>
103-->[androidx.profileinstaller:profileinstaller:1.3.1] AndroidManifest.xml:43:13-45:29
104                <action android:name="androidx.profileinstaller.action.SKIP_FILE" />
104-->[androidx.profileinstaller:profileinstaller:1.3.1] AndroidManifest.xml:44:17-85
104-->[androidx.profileinstaller:profileinstaller:1.3.1] AndroidManifest.xml:44:25-82
105            </intent-filter>
106            <intent-filter>
106-->[androidx.profileinstaller:profileinstaller:1.3.1] AndroidManifest.xml:46:13-48:29
107                <action android:name="androidx.profileinstaller.action.SAVE_PROFILE" />
107-->[androidx.profileinstaller:profileinstaller:1.3.1] AndroidManifest.xml:47:17-88
107-->[androidx.profileinstaller:profileinstaller:1.3.1] AndroidManifest.xml:47:25-85
108            </intent-filter>
109            <intent-filter>
109-->[androidx.profileinstaller:profileinstaller:1.3.1] AndroidManifest.xml:49:13-51:29
110                <action android:name="androidx.profileinstaller.action.BENCHMARK_OPERATION" />
110-->[androidx.profileinstaller:profileinstaller:1.3.1] AndroidManifest.xml:50:17-95
110-->[androidx.profileinstaller:profileinstaller:1.3.1] AndroidManifest.xml:50:25-92
111            </intent-filter>
112        </receiver>
113    </application>
114
115</manifest>